<?xml version="1.0" encoding="UTF-8" ?>
<testsuite errors="0" failures="0" hostname="2Pv9VNP3vrkMb" name="org.concurrentmockito.ThreadsRunAllTestsHalfManualTest" tests="1" time="15.28" timestamp="2014-04-14T13:40:05">
  <properties>
[...]
</properties>
  <testcase classname="org.concurrentmockito.ThreadsRunAllTestsHalfManualTest" name="shouldRunInMultipleThreads" time="15.258" />
  <system-out><![CDATA[Wanted but not invoked:
iMethods.threeArgumentMethod(12, foo, "xx");
-> at org.mockitousage.verification.DescriptiveMessagesWhenVerificationFailsTest.should_print_method_name_and_arguments_of_other_interactions_with_different_methods(DescriptiveMessagesWhenVerificationFailsTest.java:371)

However, there were other interactions with this mock:
iMethods.arrayMethod(["a", "b", "c"]);
-> at org.mockitousage.verification.DescriptiveMessagesWhenVerificationFailsTest.should_print_method_name_and_arguments_of_other_interactions_with_different_methods(DescriptiveMessagesWhenVerificationFailsTest.java:368)

iMethods.forByte(25);
-> at org.mockitousage.verification.DescriptiveMessagesWhenVerificationFailsTest.should_print_method_name_and_arguments_of_other_interactions_with_different_methods(DescriptiveMessagesWhenVerificationFailsTest.java:369)


Wanted but not invoked:
iMethods.threeArgumentMethod(12, foo, "xx");
-> at org.mockitousage.verification.DescriptiveMessagesWhenVerificationFailsTest.should_print_method_name_and_arguments_of_other_interactions_with_different_methods(DescriptiveMessagesWhenVerificationFailsTest.java:371)

However, there were other interactions with this mock:
iMethods.arrayMethod(["a", "b", "c"]);
-> at org.mockitousage.verification.DescriptiveMessagesWhenVerificationFailsTest.should_print_method_name_and_arguments_of_other_interactions_with_different_methods(DescriptiveMessagesWhenVerificationFailsTest.java:368)

iMethods.forByte(25);
-> at org.mockitousage.verification.DescriptiveMessagesWhenVerificationFailsTest.should_print_method_name_and_arguments_of_other_interactions_with_different_methods(DescriptiveMessagesWhenVerificationFailsTest.java:369)


Wanted but not invoked:
iMethods.threeArgumentMethod(12, foo, "xx");
-> at org.mockitousage.verification.DescriptiveMessagesWhenVerificationFailsTest.should_print_method_name_and_arguments_of_other_interactions_with_different_methods(DescriptiveMessagesWhenVerificationFailsTest.java:371)

However, there were other interactions with this mock:
iMethods.arrayMethod(["a", "b", "c"]);
-> at org.mockitousage.verification.DescriptiveMessagesWhenVerificationFailsTest.should_print_method_name_and_arguments_of_other_interactions_with_different_methods(DescriptiveMessagesWhenVerificationFailsTest.java:368)

iMethods.forByte(25);
-> at org.mockitousage.verification.DescriptiveMessagesWhenVerificationFailsTest.should_print_method_name_and_arguments_of_other_interactions_with_different_methods(DescriptiveMessagesWhenVerificationFailsTest.java:369)


]]></system-out>
  <system-err><![CDATA[org.mockito.exceptions.misusing.InvalidUseOfMatchersException: 
Misplaced argument matcher detected here:

-> at org.mockitousage.matchers.InvalidUseOfMatchersTest.should_detect_stupid_use_of_matchers_when_verifying(InvalidUseOfMatchersTest.java:43)
-> at org.mockitousage.matchers.InvalidUseOfMatchersTest.should_detect_stupid_use_of_matchers_when_verifying(InvalidUseOfMatchersTest.java:44)

You cannot use argument matchers outside of verification or stubbing.
Examples of correct usage of argument matchers:
    when(mock.get(anyInt())).thenReturn(null);
    doThrow(new RuntimeException()).when(mock).someVoidMethod(anyObject());
    verify(mock).someMethod(contains("foo"))

Also, this error might show up because you use argument matchers with methods that cannot be mocked.
Following methods *cannot* be stubbed/verified: final/private/equals()/hashCode().

	at org.mockito.exceptions.Reporter.misplacedArgumentMatcher(Reporter.java:503)
	at org.mockito.internal.progress.ArgumentMatcherStorageImpl.validateState(ArgumentMatcherStorageImpl.java:115)
	at org.mockito.internal.progress.MockingProgressImpl.validateMostStuff(MockingProgressImpl.java:89)
	at org.mockito.internal.progress.MockingProgressImpl.validateState(MockingProgressImpl.java:68)
	at org.mockito.internal.progress.MockingProgressImpl.verificationStarted(MockingProgressImpl.java:40)
	at org.mockito.internal.progress.ThreadSafeMockingProgress.verificationStarted(ThreadSafeMockingProgress.java:36)
	at org.mockito.internal.MockitoCore.verify(MockitoCore.java:89)
	at org.mockito.Mockito.verify(Mockito.java:1485)
	at org.mockitousage.matchers.InvalidUseOfMatchersTest.should_detect_stupid_use_of_matchers_when_verifying(InvalidUseOfMatchersTest.java:46)
	at sun.reflect.NativeMethodAccessorImpl.invoke0(Native Method)
	at sun.reflect.NativeMethodAccessorImpl.invoke(NativeMethodAccessorImpl.java:57)
	at sun.reflect.DelegatingMethodAccessorImpl.invoke(DelegatingMethodAccessorImpl.java:43)
	at java.lang.reflect.Method.invoke(Method.java:606)
	at org.junit.runners.model.FrameworkMethod$1.runReflectiveCall(FrameworkMethod.java:45)
	at org.junit.internal.runners.model.ReflectiveCallable.run(ReflectiveCallable.java:15)
	at org.junit.runners.model.FrameworkMethod.invokeExplosively(FrameworkMethod.java:42)
	at org.junit.internal.runners.statements.InvokeMethod.evaluate(InvokeMethod.java:20)
	at org.junit.runners.ParentRunner.runLeaf(ParentRunner.java:263)
	at org.junit.runners.BlockJUnit4ClassRunner.runChild(BlockJUnit4ClassRunner.java:68)
	at org.junit.runners.BlockJUnit4ClassRunner.runChild(BlockJUnit4ClassRunner.java:47)
	at org.junit.runners.ParentRunner$3.run(ParentRunner.java:231)
	at org.junit.runners.ParentRunner$1.schedule(ParentRunner.java:60)
	at org.junit.runners.ParentRunner.runChildren(ParentRunner.java:229)
	at org.junit.runners.ParentRunner.access$000(ParentRunner.java:50)
	at org.junit.runners.ParentRunner$2.evaluate(ParentRunner.java:222)
	at org.junit.runners.ParentRunner.run(ParentRunner.java:300)
	at org.mockito.internal.runners.JUnit45AndHigherRunnerImpl.run(JUnit45AndHigherRunnerImpl.java:37)
	at org.mockito.runners.MockitoJUnitRunner.run(MockitoJUnitRunner.java:62)
	at org.junit.runners.Suite.runChild(Suite.java:128)
	at org.junit.runners.Suite.runChild(Suite.java:24)
	at org.junit.runners.ParentRunner$3.run(ParentRunner.java:231)
	at org.junit.runners.ParentRunner$1.schedule(ParentRunner.java:60)
	at org.junit.runners.ParentRunner.runChildren(ParentRunner.java:229)
	at org.junit.runners.ParentRunner.access$000(ParentRunner.java:50)
	at org.junit.runners.ParentRunner$2.evaluate(ParentRunner.java:222)
	at org.junit.runners.ParentRunner.run(ParentRunner.java:300)
	at org.junit.runner.JUnitCore.run(JUnitCore.java:157)
	at org.junit.runner.JUnitCore.run(JUnitCore.java:136)
	at org.junit.runner.JUnitCore.run(JUnitCore.java:127)
	at org.junit.runner.JUnitCore.runClasses(JUnitCore.java:76)
	at org.concurrentmockito.ThreadsRunAllTestsHalfManualTest$AllTestsRunner.run(ThreadsRunAllTestsHalfManualTest.java:66)
org.mockito.exceptions.misusing.InvalidUseOfMatchersException: 
Misplaced argument matcher detected here:

-> at org.mockitousage.matchers.InvalidUseOfMatchersTest.should_detect_stupid_use_of_matchers_when_verifying(InvalidUseOfMatchersTest.java:43)
-> at org.mockitousage.matchers.InvalidUseOfMatchersTest.should_detect_stupid_use_of_matchers_when_verifying(InvalidUseOfMatchersTest.java:44)

You cannot use argument matchers outside of verification or stubbing.
Examples of correct usage of argument matchers:
    when(mock.get(anyInt())).thenReturn(null);
    doThrow(new RuntimeException()).when(mock).someVoidMethod(anyObject());
    verify(mock).someMethod(contains("foo"))

Also, this error might show up because you use argument matchers with methods that cannot be mocked.
Following methods *cannot* be stubbed/verified: final/private/equals()/hashCode().

	at org.mockito.exceptions.Reporter.misplacedArgumentMatcher(Reporter.java:503)
	at org.mockito.internal.progress.ArgumentMatcherStorageImpl.validateState(ArgumentMatcherStorageImpl.java:115)
	at org.mockito.internal.progress.MockingProgressImpl.validateMostStuff(MockingProgressImpl.java:89)
	at org.mockito.internal.progress.MockingProgressImpl.validateState(MockingProgressImpl.java:68)
	at org.mockito.internal.progress.MockingProgressImpl.verificationStarted(MockingProgressImpl.java:40)
	at org.mockito.internal.progress.ThreadSafeMockingProgress.verificationStarted(ThreadSafeMockingProgress.java:36)
	at org.mockito.internal.MockitoCore.verify(MockitoCore.java:89)
	at org.mockito.Mockito.verify(Mockito.java:1485)
	at org.mockitousage.matchers.InvalidUseOfMatchersTest.should_detect_stupid_use_of_matchers_when_verifying(InvalidUseOfMatchersTest.java:46)
	at sun.reflect.NativeMethodAccessorImpl.invoke0(Native Method)
	at sun.reflect.NativeMethodAccessorImpl.invoke(NativeMethodAccessorImpl.java:57)
	at sun.reflect.DelegatingMethodAccessorImpl.invoke(DelegatingMethodAccessorImpl.java:43)
	at java.lang.reflect.Method.invoke(Method.java:606)
	at org.junit.runners.model.FrameworkMethod$1.runReflectiveCall(FrameworkMethod.java:45)
	at org.junit.internal.runners.model.ReflectiveCallable.run(ReflectiveCallable.java:15)
	at org.junit.runners.model.FrameworkMethod.invokeExplosively(FrameworkMethod.java:42)
	at org.junit.internal.runners.statements.InvokeMethod.evaluate(InvokeMethod.java:20)
	at org.junit.runners.ParentRunner.runLeaf(ParentRunner.java:263)
	at org.junit.runners.BlockJUnit4ClassRunner.runChild(BlockJUnit4ClassRunner.java:68)
	at org.junit.runners.BlockJUnit4ClassRunner.runChild(BlockJUnit4ClassRunner.java:47)
	at org.junit.runners.ParentRunner$3.run(ParentRunner.java:231)
	at org.junit.runners.ParentRunner$1.schedule(ParentRunner.java:60)
	at org.junit.runners.ParentRunner.runChildren(ParentRunner.java:229)
	at org.junit.runners.ParentRunner.access$000(ParentRunner.java:50)
	at org.junit.runners.ParentRunner$2.evaluate(ParentRunner.java:222)
	at org.junit.runners.ParentRunner.run(ParentRunner.java:300)
	at org.mockito.internal.runners.JUnit45AndHigherRunnerImpl.run(JUnit45AndHigherRunnerImpl.java:37)
	at org.mockito.runners.MockitoJUnitRunner.run(MockitoJUnitRunner.java:62)
	at org.junit.runners.Suite.runChild(Suite.java:128)
	at org.junit.runners.Suite.runChild(Suite.java:24)
	at org.junit.runners.ParentRunner$3.run(ParentRunner.java:231)
	at org.junit.runners.ParentRunner$1.schedule(ParentRunner.java:60)
	at org.junit.runners.ParentRunner.runChildren(ParentRunner.java:229)
	at org.junit.runners.ParentRunner.access$000(ParentRunner.java:50)
	at org.junit.runners.ParentRunner$2.evaluate(ParentRunner.java:222)
	at org.junit.runners.ParentRunner.run(ParentRunner.java:300)
	at org.junit.runner.JUnitCore.run(JUnitCore.java:157)
	at org.junit.runner.JUnitCore.run(JUnitCore.java:136)
	at org.junit.runner.JUnitCore.run(JUnitCore.java:127)
	at org.junit.runner.JUnitCore.runClasses(JUnitCore.java:76)
	at org.concurrentmockito.ThreadsRunAllTestsHalfManualTest$AllTestsRunner.run(ThreadsRunAllTestsHalfManualTest.java:66)
org.mockito.exceptions.misusing.InvalidUseOfMatchersException: 
Misplaced argument matcher detected here:

-> at org.mockitousage.matchers.InvalidUseOfMatchersTest.should_detect_stupid_use_of_matchers_when_verifying(InvalidUseOfMatchersTest.java:43)
-> at org.mockitousage.matchers.InvalidUseOfMatchersTest.should_detect_stupid_use_of_matchers_when_verifying(InvalidUseOfMatchersTest.java:44)

You cannot use argument matchers outside of verification or stubbing.
Examples of correct usage of argument matchers:
    when(mock.get(anyInt())).thenReturn(null);
    doThrow(new RuntimeException()).when(mock).someVoidMethod(anyObject());
    verify(mock).someMethod(contains("foo"))

Also, this error might show up because you use argument matchers with methods that cannot be mocked.
Following methods *cannot* be stubbed/verified: final/private/equals()/hashCode().

	at org.mockito.exceptions.Reporter.misplacedArgumentMatcher(Reporter.java:503)
	at org.mockito.internal.progress.ArgumentMatcherStorageImpl.validateState(ArgumentMatcherStorageImpl.java:115)
	at org.mockito.internal.progress.MockingProgressImpl.validateMostStuff(MockingProgressImpl.java:89)
	at org.mockito.internal.progress.MockingProgressImpl.validateState(MockingProgressImpl.java:68)
	at org.mockito.internal.progress.MockingProgressImpl.verificationStarted(MockingProgressImpl.java:40)
	at org.mockito.internal.progress.ThreadSafeMockingProgress.verificationStarted(ThreadSafeMockingProgress.java:36)
	at org.mockito.internal.MockitoCore.verify(MockitoCore.java:89)
	at org.mockito.Mockito.verify(Mockito.java:1485)
	at org.mockitousage.matchers.InvalidUseOfMatchersTest.should_detect_stupid_use_of_matchers_when_verifying(InvalidUseOfMatchersTest.java:46)
	at sun.reflect.NativeMethodAccessorImpl.invoke0(Native Method)
	at sun.reflect.NativeMethodAccessorImpl.invoke(NativeMethodAccessorImpl.java:57)
	at sun.reflect.DelegatingMethodAccessorImpl.invoke(DelegatingMethodAccessorImpl.java:43)
	at java.lang.reflect.Method.invoke(Method.java:606)
	at org.junit.runners.model.FrameworkMethod$1.runReflectiveCall(FrameworkMethod.java:45)
	at org.junit.internal.runners.model.ReflectiveCallable.run(ReflectiveCallable.java:15)
	at org.junit.runners.model.FrameworkMethod.invokeExplosively(FrameworkMethod.java:42)
	at org.junit.internal.runners.statements.InvokeMethod.evaluate(InvokeMethod.java:20)
	at org.junit.runners.ParentRunner.runLeaf(ParentRunner.java:263)
	at org.junit.runners.BlockJUnit4ClassRunner.runChild(BlockJUnit4ClassRunner.java:68)
	at org.junit.runners.BlockJUnit4ClassRunner.runChild(BlockJUnit4ClassRunner.java:47)
	at org.junit.runners.ParentRunner$3.run(ParentRunner.java:231)
	at org.junit.runners.ParentRunner$1.schedule(ParentRunner.java:60)
	at org.junit.runners.ParentRunner.runChildren(ParentRunner.java:229)
	at org.junit.runners.ParentRunner.access$000(ParentRunner.java:50)
	at org.junit.runners.ParentRunner$2.evaluate(ParentRunner.java:222)
	at org.junit.runners.ParentRunner.run(ParentRunner.java:300)
	at org.mockito.internal.runners.JUnit45AndHigherRunnerImpl.run(JUnit45AndHigherRunnerImpl.java:37)
	at org.mockito.runners.MockitoJUnitRunner.run(MockitoJUnitRunner.java:62)
	at org.junit.runners.Suite.runChild(Suite.java:128)
	at org.junit.runners.Suite.runChild(Suite.java:24)
	at org.junit.runners.ParentRunner$3.run(ParentRunner.java:231)
	at org.junit.runners.ParentRunner$1.schedule(ParentRunner.java:60)
	at org.junit.runners.ParentRunner.runChildren(ParentRunner.java:229)
	at org.junit.runners.ParentRunner.access$000(ParentRunner.java:50)
	at org.junit.runners.ParentRunner$2.evaluate(ParentRunner.java:222)
	at org.junit.runners.ParentRunner.run(ParentRunner.java:300)
	at org.junit.runner.JUnitCore.run(JUnitCore.java:157)
	at org.junit.runner.JUnitCore.run(JUnitCore.java:136)
	at org.junit.runner.JUnitCore.run(JUnitCore.java:127)
	at org.junit.runner.JUnitCore.runClasses(JUnitCore.java:76)
	at org.concurrentmockito.ThreadsRunAllTestsHalfManualTest$AllTestsRunner.run(ThreadsRunAllTestsHalfManualTest.java:66)
]]></system-err>
</testsuite>
