<?xml version="1.0" encoding="UTF-8" ?>
<testsuite errors="0" failures="0" hostname="2Pv9VNP3vrkMb" name="org.mockitousage.bugs.InheritedGenericsPolimorphicCallTest" tests="3" time="0.037" timestamp="2014-04-14T13:40:48">
  <properties>
[...]
</properties>
  <testcase classname="org.mockitousage.bugs.InheritedGenericsPolimorphicCallTest" name="shouldStubbingWork" time="0.002" />
  <testcase classname="org.mockitousage.bugs.InheritedGenericsPolimorphicCallTest" name="shouldVerificationWorks" time="0.001" />
  <testcase classname="org.mockitousage.bugs.InheritedGenericsPolimorphicCallTest" name="shouldWorkExactlyAsJavaProxyWould" time="0.008" />
  <system-out><![CDATA[]]></system-out>
  <system-err><![CDATA[]]></system-err>
</testsuite>
